<?xml version="1.0" encoding="UTF-8"?>
<testng-results ignored="0" total="1" passed="1" failed="0" skipped="0">
  <reporter-output>
  </reporter-output>
  <suite started-at="2024-12-05T16:29:51 IST" name="Default suite" finished-at="2024-12-05T16:30:21 IST" duration-ms="30013">
    <groups>
    </groups>
    <test started-at="2024-12-05T16:29:51 IST" name="Default test" finished-at="2024-12-05T16:30:21 IST" duration-ms="30013">
      <class name="com.qapitol.testcases.FormsTest">
        <test-method is-config="true" signature="init()[pri:0, instance:com.qapitol.testcases.FormsTest@65d09a04]" started-at="2024-12-05T16:29:51 IST" name="init" finished-at="2024-12-05T16:29:59 IST" duration-ms="8200" status="PASS">
          <reporter-output>
          </reporter-output>
        </test-method> <!-- init -->
        <test-method signature="validatePracticeForm()[pri:1, instance:com.qapitol.testcases.FormsTest@65d09a04]" started-at="2024-12-05T16:29:59 IST" name="validatePracticeForm" finished-at="2024-12-05T16:30:21 IST" duration-ms="21369" status="PASS">
          <reporter-output>
          </reporter-output>
        </test-method> <!-- validatePracticeForm -->
        <test-method is-config="true" signature="tearDown()[pri:0, instance:com.qapitol.testcases.FormsTest@65d09a04]" started-at="2024-12-05T16:30:21 IST" name="tearDown" finished-at="2024-12-05T16:30:21 IST" duration-ms="365" status="PASS">
          <reporter-output>
          </reporter-output>
        </test-method> <!-- tearDown -->
      </class> <!-- com.qapitol.testcases.FormsTest -->
    </test> <!-- Default test -->
  </suite> <!-- Default suite -->
</testng-results>
